<?xml version="1.0" encoding="UTF-8"?>
<!-- Generated by org.testng.reporters.JUnitReportReporter -->
<testsuite skipped="0" hostname="LAPTOP-0SJ3B8VU" name="ProdBugDemo2.Test12_ResponseSpecBuider" tests="2" failures="2" timestamp="2022-01-22T21:20:33 IST" time="3.515" errors="0">
  <testcase name="testResponse2" time="1.074" classname="ProdBugDemo2.Test12_ResponseSpecBuider">
    <failure type="java.lang.AssertionError" message="2 expectations failed.
Expected header &quot;Content-Type&quot; was not &quot;application/json;charset=UFT-8&quot;, was &quot;application/json; charset=utf-8&quot;. Headers are:
Date=Sat, 22 Jan 2022 15:50:32 GMT
Content-Type=application/json; charset=utf-8
Transfer-Encoding=chunked
Connection=keep-alive
x-powered-by=Express
x-ratelimit-limit=1000
x-ratelimit-remaining=999
x-ratelimit-reset=1641750202
vary=Origin, Accept-Encoding
access-control-allow-credentials=true
cache-control=max-age=43200
pragma=no-cache
expires=-1
x-content-type-options=nosniff
etag=W/&quot;105970-HCYFejK2YCxztz8++2rHnutkPOQ&quot;
content-encoding=gzip
via=1.1 vegur
CF-Cache-Status=HIT
Age=17378
Report-To={&quot;endpoints&quot;:[{&quot;url&quot;:&quot;https:\/\/a.nel.cloudflare.com\/report\/v3?s=9tM3NnqWln5aYXyp7x9COlHWlTlpLMMqyIKhfqbLP9pPGVT9JEhKIg5QD%2B6IC80QHJYNHnuYMsDfZOKTGuitXk5zfNZP5ZVnfJn0NWEfnzlo5yTEQWCbiTzvRFMlwc9sbHY1IjnS71VCd0sUFU%2FA&quot;}],&quot;group&quot;:&quot;cf-nel&quot;,&quot;max_age&quot;:604800}
NEL={&quot;success_fraction&quot;:0,&quot;report_to&quot;:&quot;cf-nel&quot;,&quot;max_age&quot;:604800}
Server=cloudflare
CF-RAY=6d19f045f8647457-LHR
alt-svc=h3=&quot;:443&quot;; ma=86400, h3-29=&quot;:443&quot;; ma=86400

Expected header &quot;Cache-Control&quot; was not &quot;no-store, max-age=0, must-revalidate&quot;, was &quot;max-age=43200&quot;. Headers are:
Date=Sat, 22 Jan 2022 15:50:32 GMT
Content-Type=application/json; charset=utf-8
Transfer-Encoding=chunked
Connection=keep-alive
x-powered-by=Express
x-ratelimit-limit=1000
x-ratelimit-remaining=999
x-ratelimit-reset=1641750202
vary=Origin, Accept-Encoding
access-control-allow-credentials=true
cache-control=max-age=43200
pragma=no-cache
expires=-1
x-content-type-options=nosniff
etag=W/&quot;105970-HCYFejK2YCxztz8++2rHnutkPOQ&quot;
content-encoding=gzip
via=1.1 vegur
CF-Cache-Status=HIT
Age=17378
Report-To={&quot;endpoints&quot;:[{&quot;url&quot;:&quot;https:\/\/a.nel.cloudflare.com\/report\/v3?s=9tM3NnqWln5aYXyp7x9COlHWlTlpLMMqyIKhfqbLP9pPGVT9JEhKIg5QD%2B6IC80QHJYNHnuYMsDfZOKTGuitXk5zfNZP5ZVnfJn0NWEfnzlo5yTEQWCbiTzvRFMlwc9sbHY1IjnS71VCd0sUFU%2FA&quot;}],&quot;group&quot;:&quot;cf-nel&quot;,&quot;max_age&quot;:604800}
NEL={&quot;success_fraction&quot;:0,&quot;report_to&quot;:&quot;cf-nel&quot;,&quot;max_age&quot;:604800}
Server=cloudflare
CF-RAY=6d19f045f8647457-LHR
alt-svc=h3=&quot;:443&quot;; ma=86400, h3-29=&quot;:443&quot;; ma=86400
">
      <![CDATA[java.lang.AssertionError: 2 expectations failed.
Expected header "Content-Type" was not "application/json;charset=UFT-8", was "application/json; charset=utf-8". Headers are:
Date=Sat, 22 Jan 2022 15:50:32 GMT
Content-Type=application/json; charset=utf-8
Transfer-Encoding=chunked
Connection=keep-alive
x-powered-by=Express
x-ratelimit-limit=1000
x-ratelimit-remaining=999
x-ratelimit-reset=1641750202
vary=Origin, Accept-Encoding
access-control-allow-credentials=true
cache-control=max-age=43200
pragma=no-cache
expires=-1
x-content-type-options=nosniff
etag=W/"105970-HCYFejK2YCxztz8++2rHnutkPOQ"
content-encoding=gzip
via=1.1 vegur
CF-Cache-Status=HIT
Age=17378
Report-To={"endpoints":[{"url":"https:\/\/a.nel.cloudflare.com\/report\/v3?s=9tM3NnqWln5aYXyp7x9COlHWlTlpLMMqyIKhfqbLP9pPGVT9JEhKIg5QD%2B6IC80QHJYNHnuYMsDfZOKTGuitXk5zfNZP5ZVnfJn0NWEfnzlo5yTEQWCbiTzvRFMlwc9sbHY1IjnS71VCd0sUFU%2FA"}],"group":"cf-nel","max_age":604800}
NEL={"success_fraction":0,"report_to":"cf-nel","max_age":604800}
Server=cloudflare
CF-RAY=6d19f045f8647457-LHR
alt-svc=h3=":443"; ma=86400, h3-29=":443"; ma=86400

Expected header "Cache-Control" was not "no-store, max-age=0, must-revalidate", was "max-age=43200". Headers are:
Date=Sat, 22 Jan 2022 15:50:32 GMT
Content-Type=application/json; charset=utf-8
Transfer-Encoding=chunked
Connection=keep-alive
x-powered-by=Express
x-ratelimit-limit=1000
x-ratelimit-remaining=999
x-ratelimit-reset=1641750202
vary=Origin, Accept-Encoding
access-control-allow-credentials=true
cache-control=max-age=43200
pragma=no-cache
expires=-1
x-content-type-options=nosniff
etag=W/"105970-HCYFejK2YCxztz8++2rHnutkPOQ"
content-encoding=gzip
via=1.1 vegur
CF-Cache-Status=HIT
Age=17378
Report-To={"endpoints":[{"url":"https:\/\/a.nel.cloudflare.com\/report\/v3?s=9tM3NnqWln5aYXyp7x9COlHWlTlpLMMqyIKhfqbLP9pPGVT9JEhKIg5QD%2B6IC80QHJYNHnuYMsDfZOKTGuitXk5zfNZP5ZVnfJn0NWEfnzlo5yTEQWCbiTzvRFMlwc9sbHY1IjnS71VCd0sUFU%2FA"}],"group":"cf-nel","max_age":604800}
NEL={"success_fraction":0,"report_to":"cf-nel","max_age":604800}
Server=cloudflare
CF-RAY=6d19f045f8647457-LHR
alt-svc=h3=":443"; ma=86400, h3-29=":443"; ma=86400

at sun.reflect.NativeConstructorAccessorImpl.newInstance0(Native Method)
at sun.reflect.NativeConstructorAccessorImpl.newInstance(NativeConstructorAccessorImpl.java:62)
at sun.reflect.DelegatingConstructorAccessorImpl.newInstance(DelegatingConstructorAccessorImpl.java:45)
at java.lang.reflect.Constructor.newInstance(Constructor.java:423)
at org.codehaus.groovy.reflection.CachedConstructor.invoke(CachedConstructor.java:72)
at org.codehaus.groovy.reflection.CachedConstructor.doConstructorInvoke(CachedConstructor.java:59)
at org.codehaus.groovy.runtime.callsite.ConstructorSite$ConstructorSiteNoUnwrap.callConstructor(ConstructorSite.java:84)
at org.codehaus.groovy.runtime.callsite.AbstractCallSite.callConstructor(AbstractCallSite.java:277)
at io.restassured.internal.ResponseSpecificationImpl$HamcrestAssertionClosure.validate(ResponseSpecificationImpl.groovy:493)
at io.restassured.internal.ResponseSpecificationImpl$HamcrestAssertionClosure$validate$1.call(Unknown Source)
at io.restassured.internal.ResponseSpecificationImpl.validate(ResponseSpecificationImpl.groovy:92)
at io.restassured.internal.ValidatableResponseOptionsImpl.spec(ValidatableResponseOptionsImpl.java:288)
at io.restassured.internal.ValidatableResponseImpl.super$2$spec(ValidatableResponseImpl.groovy)
at sun.reflect.NativeMethodAccessorImpl.invoke0(Native Method)
at sun.reflect.NativeMethodAccessorImpl.invoke(NativeMethodAccessorImpl.java:62)
at sun.reflect.DelegatingMethodAccessorImpl.invoke(DelegatingMethodAccessorImpl.java:43)
at java.lang.reflect.Method.invoke(Method.java:498)
at org.codehaus.groovy.reflection.CachedMethod.invoke(CachedMethod.java:107)
at groovy.lang.MetaMethod.doMethodInvoke(MetaMethod.java:323)
at groovy.lang.MetaClassImpl.invokeMethod(MetaClassImpl.java:1268)
at org.codehaus.groovy.runtime.ScriptBytecodeAdapter.invokeMethodOnSuperN(ScriptBytecodeAdapter.java:144)
at io.restassured.internal.ValidatableResponseImpl.spec(ValidatableResponseImpl.groovy:76)
at io.restassured.internal.ValidatableResponseImpl.spec(ValidatableResponseImpl.groovy)
at ProdBugDemo2.Test12_ResponseSpecBuider.testResponse2(Test12_ResponseSpecBuider.java:43)
at sun.reflect.NativeMethodAccessorImpl.invoke0(Native Method)
at sun.reflect.NativeMethodAccessorImpl.invoke(NativeMethodAccessorImpl.java:62)
at sun.reflect.DelegatingMethodAccessorImpl.invoke(DelegatingMethodAccessorImpl.java:43)
at java.lang.reflect.Method.invoke(Method.java:498)
at org.testng.internal.MethodInvocationHelper.invokeMethod(MethodInvocationHelper.java:133)
at org.testng.internal.TestInvoker.invokeMethod(TestInvoker.java:598)
at org.testng.internal.TestInvoker.invokeTestMethod(TestInvoker.java:173)
at org.testng.internal.MethodRunner.runInSequence(MethodRunner.java:46)
at org.testng.internal.TestInvoker$MethodInvocationAgent.invoke(TestInvoker.java:824)
at org.testng.internal.TestInvoker.invokeTestMethods(TestInvoker.java:146)
at org.testng.internal.TestMethodWorker.invokeTestMethods(TestMethodWorker.java:146)
at org.testng.internal.TestMethodWorker.run(TestMethodWorker.java:128)
at java.util.ArrayList.forEach(ArrayList.java:1259)
at org.testng.TestRunner.privateRun(TestRunner.java:794)
at org.testng.TestRunner.run(TestRunner.java:596)
at org.testng.SuiteRunner.runTest(SuiteRunner.java:377)
at org.testng.SuiteRunner.runSequentially(SuiteRunner.java:371)
at org.testng.SuiteRunner.privateRun(SuiteRunner.java:332)
at org.testng.SuiteRunner.run(SuiteRunner.java:276)
at org.testng.SuiteRunnerWorker.runSuite(SuiteRunnerWorker.java:53)
at org.testng.SuiteRunnerWorker.run(SuiteRunnerWorker.java:96)
at org.testng.TestNG.runSuitesSequentially(TestNG.java:1212)
at org.testng.TestNG.runSuitesLocally(TestNG.java:1134)
at org.testng.TestNG.runSuites(TestNG.java:1063)
at org.testng.TestNG.run(TestNG.java:1031)
at org.testng.remote.AbstractRemoteTestNG.run(AbstractRemoteTestNG.java:115)
at org.testng.remote.RemoteTestNG.initAndRun(RemoteTestNG.java:251)
at org.testng.remote.RemoteTestNG.main(RemoteTestNG.java:77)
]]>
    </failure>
  </testcase> <!-- testResponse2 -->
  <system-out/>
  <testcase name="testResponse1" time="2.441" classname="ProdBugDemo2.Test12_ResponseSpecBuider">
    <failure type="java.lang.AssertionError" message="2 expectations failed.
Expected header &quot;Content-Type&quot; was not &quot;application/json;charset=UFT-8&quot;, was &quot;application/json; charset=utf-8&quot;. Headers are:
Date=Sat, 22 Jan 2022 15:50:31 GMT
Content-Type=application/json; charset=utf-8
Transfer-Encoding=chunked
Connection=keep-alive
x-powered-by=Express
x-ratelimit-limit=1000
x-ratelimit-remaining=999
x-ratelimit-reset=1641750202
vary=Origin, Accept-Encoding
access-control-allow-credentials=true
cache-control=max-age=43200
pragma=no-cache
expires=-1
x-content-type-options=nosniff
etag=W/&quot;105970-HCYFejK2YCxztz8++2rHnutkPOQ&quot;
content-encoding=gzip
via=1.1 vegur
CF-Cache-Status=HIT
Age=17377
Report-To={&quot;endpoints&quot;:[{&quot;url&quot;:&quot;https:\/\/a.nel.cloudflare.com\/report\/v3?s=HaWV8w%2F2Fbequgni1EtWn9NXqxAFY%2FLbkDfIIExbYgrdzNXWu8%2BKyPvaML6KwvaLT%2F4EwelBV7GwphCsUM5lhsJoc6O5YSyWHfMB6USw%2FQ9OKHwKA8PV7U84KYUlc7585%2FZ5kd8696m3dSEU85M7&quot;}],&quot;group&quot;:&quot;cf-nel&quot;,&quot;max_age&quot;:604800}
NEL={&quot;success_fraction&quot;:0,&quot;report_to&quot;:&quot;cf-nel&quot;,&quot;max_age&quot;:604800}
Server=cloudflare
CF-RAY=6d19f03c193574b1-LHR
alt-svc=h3=&quot;:443&quot;; ma=86400, h3-29=&quot;:443&quot;; ma=86400

Expected header &quot;Cache-Control&quot; was not &quot;no-store, max-age=0, must-revalidate&quot;, was &quot;max-age=43200&quot;. Headers are:
Date=Sat, 22 Jan 2022 15:50:31 GMT
Content-Type=application/json; charset=utf-8
Transfer-Encoding=chunked
Connection=keep-alive
x-powered-by=Express
x-ratelimit-limit=1000
x-ratelimit-remaining=999
x-ratelimit-reset=1641750202
vary=Origin, Accept-Encoding
access-control-allow-credentials=true
cache-control=max-age=43200
pragma=no-cache
expires=-1
x-content-type-options=nosniff
etag=W/&quot;105970-HCYFejK2YCxztz8++2rHnutkPOQ&quot;
content-encoding=gzip
via=1.1 vegur
CF-Cache-Status=HIT
Age=17377
Report-To={&quot;endpoints&quot;:[{&quot;url&quot;:&quot;https:\/\/a.nel.cloudflare.com\/report\/v3?s=HaWV8w%2F2Fbequgni1EtWn9NXqxAFY%2FLbkDfIIExbYgrdzNXWu8%2BKyPvaML6KwvaLT%2F4EwelBV7GwphCsUM5lhsJoc6O5YSyWHfMB6USw%2FQ9OKHwKA8PV7U84KYUlc7585%2FZ5kd8696m3dSEU85M7&quot;}],&quot;group&quot;:&quot;cf-nel&quot;,&quot;max_age&quot;:604800}
NEL={&quot;success_fraction&quot;:0,&quot;report_to&quot;:&quot;cf-nel&quot;,&quot;max_age&quot;:604800}
Server=cloudflare
CF-RAY=6d19f03c193574b1-LHR
alt-svc=h3=&quot;:443&quot;; ma=86400, h3-29=&quot;:443&quot;; ma=86400
">
      <![CDATA[java.lang.AssertionError: 2 expectations failed.
Expected header "Content-Type" was not "application/json;charset=UFT-8", was "application/json; charset=utf-8". Headers are:
Date=Sat, 22 Jan 2022 15:50:31 GMT
Content-Type=application/json; charset=utf-8
Transfer-Encoding=chunked
Connection=keep-alive
x-powered-by=Express
x-ratelimit-limit=1000
x-ratelimit-remaining=999
x-ratelimit-reset=1641750202
vary=Origin, Accept-Encoding
access-control-allow-credentials=true
cache-control=max-age=43200
pragma=no-cache
expires=-1
x-content-type-options=nosniff
etag=W/"105970-HCYFejK2YCxztz8++2rHnutkPOQ"
content-encoding=gzip
via=1.1 vegur
CF-Cache-Status=HIT
Age=17377
Report-To={"endpoints":[{"url":"https:\/\/a.nel.cloudflare.com\/report\/v3?s=HaWV8w%2F2Fbequgni1EtWn9NXqxAFY%2FLbkDfIIExbYgrdzNXWu8%2BKyPvaML6KwvaLT%2F4EwelBV7GwphCsUM5lhsJoc6O5YSyWHfMB6USw%2FQ9OKHwKA8PV7U84KYUlc7585%2FZ5kd8696m3dSEU85M7"}],"group":"cf-nel","max_age":604800}
NEL={"success_fraction":0,"report_to":"cf-nel","max_age":604800}
Server=cloudflare
CF-RAY=6d19f03c193574b1-LHR
alt-svc=h3=":443"; ma=86400, h3-29=":443"; ma=86400

Expected header "Cache-Control" was not "no-store, max-age=0, must-revalidate", was "max-age=43200". Headers are:
Date=Sat, 22 Jan 2022 15:50:31 GMT
Content-Type=application/json; charset=utf-8
Transfer-Encoding=chunked
Connection=keep-alive
x-powered-by=Express
x-ratelimit-limit=1000
x-ratelimit-remaining=999
x-ratelimit-reset=1641750202
vary=Origin, Accept-Encoding
access-control-allow-credentials=true
cache-control=max-age=43200
pragma=no-cache
expires=-1
x-content-type-options=nosniff
etag=W/"105970-HCYFejK2YCxztz8++2rHnutkPOQ"
content-encoding=gzip
via=1.1 vegur
CF-Cache-Status=HIT
Age=17377
Report-To={"endpoints":[{"url":"https:\/\/a.nel.cloudflare.com\/report\/v3?s=HaWV8w%2F2Fbequgni1EtWn9NXqxAFY%2FLbkDfIIExbYgrdzNXWu8%2BKyPvaML6KwvaLT%2F4EwelBV7GwphCsUM5lhsJoc6O5YSyWHfMB6USw%2FQ9OKHwKA8PV7U84KYUlc7585%2FZ5kd8696m3dSEU85M7"}],"group":"cf-nel","max_age":604800}
NEL={"success_fraction":0,"report_to":"cf-nel","max_age":604800}
Server=cloudflare
CF-RAY=6d19f03c193574b1-LHR
alt-svc=h3=":443"; ma=86400, h3-29=":443"; ma=86400

at sun.reflect.NativeConstructorAccessorImpl.newInstance0(Native Method)
at sun.reflect.NativeConstructorAccessorImpl.newInstance(NativeConstructorAccessorImpl.java:62)
at sun.reflect.DelegatingConstructorAccessorImpl.newInstance(DelegatingConstructorAccessorImpl.java:45)
at java.lang.reflect.Constructor.newInstance(Constructor.java:423)
at org.codehaus.groovy.reflection.CachedConstructor.invoke(CachedConstructor.java:72)
at org.codehaus.groovy.reflection.CachedConstructor.doConstructorInvoke(CachedConstructor.java:59)
at org.codehaus.groovy.runtime.callsite.ConstructorSite$ConstructorSiteNoUnwrap.callConstructor(ConstructorSite.java:84)
at org.codehaus.groovy.runtime.callsite.CallSiteArray.defaultCallConstructor(CallSiteArray.java:59)
at org.codehaus.groovy.runtime.callsite.AbstractCallSite.callConstructor(AbstractCallSite.java:263)
at org.codehaus.groovy.runtime.callsite.AbstractCallSite.callConstructor(AbstractCallSite.java:277)
at io.restassured.internal.ResponseSpecificationImpl$HamcrestAssertionClosure.validate(ResponseSpecificationImpl.groovy:493)
at io.restassured.internal.ResponseSpecificationImpl$HamcrestAssertionClosure$validate$1.call(Unknown Source)
at org.codehaus.groovy.runtime.callsite.CallSiteArray.defaultCall(CallSiteArray.java:47)
at org.codehaus.groovy.runtime.callsite.AbstractCallSite.call(AbstractCallSite.java:125)
at org.codehaus.groovy.runtime.callsite.AbstractCallSite.call(AbstractCallSite.java:139)
at io.restassured.internal.ResponseSpecificationImpl.validate(ResponseSpecificationImpl.groovy:92)
at io.restassured.internal.ValidatableResponseOptionsImpl.spec(ValidatableResponseOptionsImpl.java:288)
at io.restassured.internal.ValidatableResponseImpl.super$2$spec(ValidatableResponseImpl.groovy)
at sun.reflect.NativeMethodAccessorImpl.invoke0(Native Method)
at sun.reflect.NativeMethodAccessorImpl.invoke(NativeMethodAccessorImpl.java:62)
at sun.reflect.DelegatingMethodAccessorImpl.invoke(DelegatingMethodAccessorImpl.java:43)
at java.lang.reflect.Method.invoke(Method.java:498)
at org.codehaus.groovy.reflection.CachedMethod.invoke(CachedMethod.java:107)
at groovy.lang.MetaMethod.doMethodInvoke(MetaMethod.java:323)
at groovy.lang.MetaClassImpl.invokeMethod(MetaClassImpl.java:1268)
at org.codehaus.groovy.runtime.ScriptBytecodeAdapter.invokeMethodOnSuperN(ScriptBytecodeAdapter.java:144)
at io.restassured.internal.ValidatableResponseImpl.spec(ValidatableResponseImpl.groovy:76)
at io.restassured.internal.ValidatableResponseImpl.spec(ValidatableResponseImpl.groovy)
at ProdBugDemo2.Test12_ResponseSpecBuider.testResponse1(Test12_ResponseSpecBuider.java:33)
at sun.reflect.NativeMethodAccessorImpl.invoke0(Native Method)
at sun.reflect.NativeMethodAccessorImpl.invoke(NativeMethodAccessorImpl.java:62)
at sun.reflect.DelegatingMethodAccessorImpl.invoke(DelegatingMethodAccessorImpl.java:43)
at java.lang.reflect.Method.invoke(Method.java:498)
at org.testng.internal.MethodInvocationHelper.invokeMethod(MethodInvocationHelper.java:133)
at org.testng.internal.TestInvoker.invokeMethod(TestInvoker.java:598)
at org.testng.internal.TestInvoker.invokeTestMethod(TestInvoker.java:173)
at org.testng.internal.MethodRunner.runInSequence(MethodRunner.java:46)
at org.testng.internal.TestInvoker$MethodInvocationAgent.invoke(TestInvoker.java:824)
at org.testng.internal.TestInvoker.invokeTestMethods(TestInvoker.java:146)
at org.testng.internal.TestMethodWorker.invokeTestMethods(TestMethodWorker.java:146)
at org.testng.internal.TestMethodWorker.run(TestMethodWorker.java:128)
at java.util.ArrayList.forEach(ArrayList.java:1259)
at org.testng.TestRunner.privateRun(TestRunner.java:794)
at org.testng.TestRunner.run(TestRunner.java:596)
at org.testng.SuiteRunner.runTest(SuiteRunner.java:377)
at org.testng.SuiteRunner.runSequentially(SuiteRunner.java:371)
at org.testng.SuiteRunner.privateRun(SuiteRunner.java:332)
at org.testng.SuiteRunner.run(SuiteRunner.java:276)
at org.testng.SuiteRunnerWorker.runSuite(SuiteRunnerWorker.java:53)
at org.testng.SuiteRunnerWorker.run(SuiteRunnerWorker.java:96)
at org.testng.TestNG.runSuitesSequentially(TestNG.java:1212)
at org.testng.TestNG.runSuitesLocally(TestNG.java:1134)
at org.testng.TestNG.runSuites(TestNG.java:1063)
at org.testng.TestNG.run(TestNG.java:1031)
at org.testng.remote.AbstractRemoteTestNG.run(AbstractRemoteTestNG.java:115)
at org.testng.remote.RemoteTestNG.initAndRun(RemoteTestNG.java:251)
at org.testng.remote.RemoteTestNG.main(RemoteTestNG.java:77)
]]>
    </failure>
  </testcase> <!-- testResponse1 -->
  <system-out/>
</testsuite> <!-- ProdBugDemo2.Test12_ResponseSpecBuider -->
