<?xml version="1.0" encoding="UTF-8"?>
<!-- Generated by org.testng.reporters.JUnitReportReporter -->
<testsuite skipped="0" hostname="LAPTOP-0SJ3B8VU" name="ProdBugDemo.Test10_VerifyResponse" tests="1" failures="0" timestamp="2022-01-21T20:36:07 IST" time="3.693" errors="0">
  <testcase name="testHeaderInResponse" time="3.693" classname="ProdBugDemo.Test10_VerifyResponse"/>
  <system-out/>
</testsuite> <!-- ProdBugDemo.Test10_VerifyResponse -->
